Performing C++ SOURCE FILE Test HAVE_UINT128_T failed with the following output:
Change Dir: /home/bonice/Bureau/knowledge/ns-allinone-3.42/ns-3.42/cmake-cache/CMakeFiles/CMakeScratch/TryCompile-pbwHGS

Run Build Command(s):/usr/bin/ninja cmTC_c3d7b && [1/2] Building CXX object CMakeFiles/cmTC_c3d7b.dir/src.cxx.o
FAILED: CMakeFiles/cmTC_c3d7b.dir/src.cxx.o 
/usr/bin/c++ -DHAVE_UINT128_T  -fPIE -std=c++20 -o CMakeFiles/cmTC_c3d7b.dir/src.cxx.o -c /home/bonice/Bureau/knowledge/ns-allinone-3.42/ns-3.42/cmake-cache/CMakeFiles/CMakeScratch/TryCompile-pbwHGS/src.cxx
/home/bonice/Bureau/knowledge/ns-allinone-3.42/ns-3.42/cmake-cache/CMakeFiles/CMakeScratch/TryCompile-pbwHGS/src.cxx: In function ‘int main()’:
/home/bonice/Bureau/knowledge/ns-allinone-3.42/ns-3.42/cmake-cache/CMakeFiles/CMakeScratch/TryCompile-pbwHGS/src.cxx:4:18: error: ‘uint128_t’ was not declared in this scope; did you mean ‘uint8_t’?
    4 |             if ((uint128_t *) 0) return 0;
      |                  ^~~~~~~~~
      |                  uint8_t
/home/bonice/Bureau/knowledge/ns-allinone-3.42/ns-3.42/cmake-cache/CMakeFiles/CMakeScratch/TryCompile-pbwHGS/src.cxx:4:29: error: expected primary-expression before ‘)’ token
    4 |             if ((uint128_t *) 0) return 0;
      |                             ^
/home/bonice/Bureau/knowledge/ns-allinone-3.42/ns-3.42/cmake-cache/CMakeFiles/CMakeScratch/TryCompile-pbwHGS/src.cxx:4:30: error: expected ‘)’ before numeric constant
    4 |             if ((uint128_t *) 0) return 0;
      |                ~             ^~
      |                              )
/home/bonice/Bureau/knowledge/ns-allinone-3.42/ns-3.42/cmake-cache/CMakeFiles/CMakeScratch/TryCompile-pbwHGS/src.cxx:5:25: error: ‘uint128_t’ was not declared in this scope; did you mean ‘uint8_t’?
    5 |             if (sizeof (uint128_t)) return 0;
      |                         ^~~~~~~~~
      |                         uint8_t
ninja: build stopped: subcommand failed.


Source file was:
#include <stdint.h>
       int main()
         {
            if ((uint128_t *) 0) return 0;
            if (sizeof (uint128_t)) return 0;
            return 1;
         }

